<?xml version="1.0" encoding="UTF-8"?>
<!-- Generated by org.testng.reporters.JUnitReportReporter -->
<testsuite hostname="LAPTOP-1D8K0B0C" failures="0" tests="4" name="tests.LoginTests" time="12.100" errors="0" timestamp="2024-04-10T13:08:59 IST" skipped="0">
  <testcase classname="tests.LoginTests" name="LoginValidUsernameAndPassword" time="3.529"/>
  <system-out/>
  <testcase classname="tests.LoginTests" name="LoginValidUsernameAndInvalidPassword" time="2.695"/>
  <system-out/>
  <testcase classname="tests.LoginTests" name="LoginInvalidUsernameAndvalidPassword" time="3.230"/>
  <system-out/>
  <testcase classname="tests.LoginTests" name="LoginInvalidUsernameAndInvalidPassword" time="2.646"/>
  <system-out/>
</testsuite> <!-- tests.LoginTests -->
