<?xml version="1.0" encoding="UTF-8"?>
<!-- Generated by org.testng.reporters.JUnitReportReporter -->
<testsuite hostname="LAPTOP-1D8K0B0C" failures="0" tests="3" name="tests.AddContactsTests" time="16.128" errors="0" timestamp="2024-04-10T13:08:59 IST" skipped="0">
  <testcase classname="tests.AddContactsTests" name="AddContact" time="4.337"/>
  <system-out/>
  <testcase classname="tests.AddContactsTests" name="AddContact" time="5.429"/>
  <system-out/>
  <testcase classname="tests.AddContactsTests" name="AddContact" time="6.362"/>
  <system-out/>
</testsuite> <!-- tests.AddContactsTests -->
