<?xml version="1.0" encoding="UTF-8"?>
<!-- Generated by org.testng.reporters.JUnitReportReporter -->
<testsuite hostname="LAPTOP-1D8K0B0C" failures="0" tests="2" name="tests.ViewContactTest" time="15.084" errors="0" timestamp="2024-04-10T13:08:59 IST" skipped="0">
  <testcase classname="tests.ViewContactTest" name="UpdateContactTest" time="6.209"/>
  <system-out/>
  <testcase classname="tests.ViewContactTest" name="DeleteContactTest" time="8.875"/>
  <system-out/>
</testsuite> <!-- tests.ViewContactTest -->
