<?xml version="1.0" encoding="UTF-8"?>
<!-- Generated by org.testng.reporters.JUnitReportReporter -->
<testsuite hostname="LAPTOP-1D8K0B0C" failures="0" tests="4" name="tests.LoginTests" time="19.694" errors="0" timestamp="2024-05-17T15:38:25 IST" skipped="0">
  <testcase classname="tests.LoginTests" name="LoginValidUsernameAndPassword" time="7.497"/>
  <testcase classname="tests.LoginTests" name="LoginValidUsernameAndInvalidPassword" time="2.860"/>
  <testcase classname="tests.LoginTests" name="LoginInvalidUsernameAndvalidPassword" time="2.999"/>
  <testcase classname="tests.LoginTests" name="LoginInvalidUsernameAndInvalidPassword" time="6.338"/>
</testsuite> <!-- tests.LoginTests -->
