<?xml version="1.0" encoding="UTF-8"?>
<!-- Generated by org.testng.reporters.JUnitReportReporter -->
<testsuite hostname="LAPTOP-1D8K0B0C" failures="0" tests="2" name="tests.ViewContactTest" time="14.733" errors="0" timestamp="2024-05-17T15:38:25 IST" skipped="0">
  <testcase classname="tests.ViewContactTest" name="UpdateContactTest" time="8.674"/>
  <testcase classname="tests.ViewContactTest" name="DeleteContactTest" time="6.059"/>
</testsuite> <!-- tests.ViewContactTest -->
