<?xml version="1.0" encoding="UTF-8"?>
<!-- Generated by org.testng.reporters.JUnitReportReporter -->
<testsuite hostname="LAPTOP-1D8K0B0C" failures="0" tests="3" name="tests.AddContactsTests" time="26.033" errors="0" timestamp="2024-05-17T15:38:25 IST" skipped="0">
  <testcase classname="tests.AddContactsTests" name="AddContact" time="6.007"/>
  <testcase classname="tests.AddContactsTests" name="AddContact" time="11.499"/>
  <testcase classname="tests.AddContactsTests" name="AddContact" time="8.527"/>
</testsuite> <!-- tests.AddContactsTests -->
